Case #1: 0 0 0 0 0
Case #2: IMPOSSIBLE  0 1 0 0 0
Case #3: 1 0 0 1 0
Case #4: 0 1 2
Case #5: 4 2 2 4 2 2 2 2 3 0
Case #6: IMPOSSIBLE  1 1 2 2 1 1 2 2 2
Case #7: 3 3 3 2
Case #8: 2 3 3 2 2
Case #9: 3 2 4 3 2 3 2 2
Case #10: 2 2 2 2 1 3 2 1 2
Case #11: 2 5 4 2 3 3 3
Case #12: 1 4 1 3 2 3 2
Case #13: 2 2 2
Case #14: 3 3 2 2 4 2
Case #15: 1 2
Case #16: 2 3 3 3 3 2
Case #17: 8 4 4 4 2 3
Case #18: 5 1 2 2 3 2 2 2 3 0
Case #19: 3 3 4 3
Case #20: 3 2 2 2 2 2 2
Case #21: 1 2 1
Case #22: 5 5 5
Case #23: 1 1 1 1
Case #24: 10 7
Case #25: 1 2 2 3 0 1
Case #26: IMPOSSIBLE  0 0 1 1 1 1 0 1
Case #27: IMPOSSIBLE  0 1 0 0 1 1 0 0 0 0
Case #28: 4 4 4
Case #29: 2 2 2 1 1 1
Case #30: 1 1 1
Case #31: 2 2 2 4 3 2 1
Case #32: IMPOSSIBLE  1 2 3 1 1 1 1
Case #33: 2 1 2 2 2 1 3 3 3
Case #34: 10 7
Case #35: 3 1 2 2 2 2 2 3 2
Case #36: 5 6 4
Case #37: 0 0 0 1 1 0 0 1
Case #38: 4 3 2
Case #39: IMPOSSIBLE  1 0 2 1 2 0 1 1 1 0
Case #40: 1 2 3 4 4 4
Case #41: 7 6 6
Case #42: 2 2 1 1 1 0 2 1
Case #43: 9 8
Case #44: 3 2 3 2 2 2 2 4 3
Case #45: 8 7
Case #46: IMPOSSIBLE  1 2 2 2 1 1 1 2 1
Case #47: 3 4 3 3 2 3 3
Case #48: IMPOSSIBLE  0 2 1 1 1 1 2 2 1 0
Case #49: IMPOSSIBLE  0 1 1 1 2 1
Case #50: 2 2 3 3 3 1 4 2
